{
  "RSpec": {
    "coverage": {
      "/Users/student/Projects/bookmark_manager/spec/bookmark_spec.rb": [
        1,
        1,
        null,
        1,
        1,
        null,
        null,
        1,
        1,
        0,
        null,
        null,
        0,
        0,
        0,
        null,
        0,
        null,
        0,
        0,
        0,
        0,
        0,
        null,
        null,
        null,
        null,
        1,
        1,
        0,
        0,
        null,
        0,
        0,
        0,
        0,
        null,
        null,
        1,
        0,
        0,
        null,
        null,
        null,
        1,
        1,
        0,
        null,
        0,
        null,
        0,
        null,
        null,
        null,
        1,
        1,
        0,
        0,
        null,
        0,
        0,
        0,
        0,
        null,
        null,
        null,
        1,
        1,
        0,
        null,
        0,
        null,
        0,
        0,
        0,
        0,
        null,
        null,
        null,
        1,
        1,
        0,
        0,
        null,
        0,
        null,
        null,
        null
      ],
      "/Users/student/Projects/bookmark_manager/spec/database_helpers.rb": [
        1,
        1,
        null,
        1,
        0,
        null
      ],
      "/Users/student/Projects/bookmark_manager/spec/bookmark_tag_spec.rb": [
        1,
        null,
        1,
        0,
        0,
        0,
        0,
        null,
        0,
        null,
        0,
        0,
        0,
        null,
        null,
        null
      ],
      "/Users/student/Projects/bookmark_manager/lib/bookmark_tag.rb": [

      ],
      "/Users/student/Projects/bookmark_manager/spec/comment_spec.rb": [
        1,
        1,
        1,
        null,
        1,
        1,
        1,
        0,
        0,
        null,
        0,
        null,
        0,
        0,
        0,
        0,
        null,
        null,
        null,
        1,
        1,
        0,
        0,
        0,
        null,
        0,
        0,
        0,
        null,
        0,
        0,
        0,
        0,
        null,
        null,
        null
      ],
      "/Users/student/Projects/bookmark_manager/spec/database_connection_spec.rb": [
        1,
        1,
        null,
        1,
        1,
        0,
        null,
        0,
        null,
        null,
        1,
        0,
        0,
        null,
        null,
        null
      ],
      "/Users/student/Projects/bookmark_manager/spec/features/adding_and_viewing_comments_spec.rb": [
        1,
        1,
        1,
        0,
        null,
        0,
        0,
        null,
        0,
        null,
        0,
        0,
        null,
        0,
        0,
        null,
        null,
        null
      ],
      "/Users/student/Projects/bookmark_manager/spec/features/creating_bookmarks_spec.rb": [
        null,
        null,
        null,
        null,
        1,
        1,
        0,
        0,
        0,
        0,
        0,
        null,
        null,
        1,
        0,
        0,
        0,
        null,
        0,
        0,
        null,
        null
      ],
      "/Users/student/Projects/bookmark_manager/spec/features/creating_tag_spec.rb": [
        1,
        1,
        null,
        0,
        null,
        0,
        0,
        null,
        0,
        null,
        0,
        0,
        null,
        0,
        0,
        null,
        null
      ],
      "/Users/student/Projects/bookmark_manager/spec/features/deleting_a_bookmark_spec.rb": [
        1,
        1,
        0,
        0,
        0,
        null,
        0,
        null,
        0,
        0,
        null,
        null
      ],
      "/Users/student/Projects/bookmark_manager/spec/features/updating_a_bookmark_spec.rb": [
        null,
        null,
        null,
        null,
        1,
        1,
        0,
        0,
        0,
        null,
        0,
        0,
        null,
        0,
        0,
        0,
        null,
        0,
        0,
        0,
        null,
        null
      ],
      "/Users/student/Projects/bookmark_manager/spec/features/user_stories_spec.rb": [
        1,
        1,
        0,
        0,
        null,
        null,
        null,
        null,
        null,
        null
      ],
      "/Users/student/Projects/bookmark_manager/spec/features/viewing_bookmarks_spec.rb": [
        null,
        1,
        null,
        1,
        1,
        0,
        null,
        null,
        0,
        0,
        0,
        null,
        0,
        null,
        0,
        0,
        0,
        null,
        null
      ],
      "/Users/student/Projects/bookmark_manager/spec/tag_spec.rb": [
        1,
        1,
        1,
        null,
        1,
        1,
        1,
        0,
        null,
        0,
        null,
        0,
        0,
        0,
        null,
        null,
        null,
        1,
        1,
        0,
        0,
        0,
        0,
        0,
        null,
        0,
        0,
        null,
        0,
        0,
        0,
        0,
        null,
        null,
        null
      ],
      "/Users/student/Projects/bookmark_manager/lib/tag.rb": [
        1,
        null,
        1,
        1,
        0,
        0,
        null,
        null,
        1,
        0,
        0,
        0,
        null,
        null,
        null,
        1,
        null,
        1,
        0,
        0,
        null,
        null
      ]
    },
    "timestamp": 1563545409
  }
}
